<?xml version="1.0" encoding="UTF-8"?>
<!-- Generated by org.testng.reporters.JUnitReportReporter -->
<testsuite hostname="PRIYADARSHANM-WIN10" failures="0" tests="1" name="testscripts.DriverScript" time="2.385" errors="0" timestamp="2023-05-16T10:48:00 IST" skipped="0">
  <testcase classname="testscripts.DriverScript" name="testApp" time="2.385"/>
  <system-out/>
</testsuite> <!-- testscripts.DriverScript -->
