<?xml version="1.0" encoding="UTF-8"?>
<!-- Generated by org.testng.reporters.JUnitReportReporter -->
<testsuite hostname="PRIYADARSHANM-WIN10" failures="0" tests="1" name="testscripts.BaseLibrary" time="89.832" errors="0" timestamp="2023-05-16T06:48:36 IST" skipped="0">
  <testcase classname="testscripts.BaseLibrary" name="testApp" time="89.832"/>
  <system-out/>
</testsuite> <!-- testscripts.BaseLibrary -->
