<?xml version="1.0" encoding="UTF-8"?>
<!-- Generated by org.testng.reporters.JUnitReportReporter -->
<testsuite hostname="PRIYADARSHANM" failures="0" tests="1" name="testcases.Testcases" time="108.833" errors="0" timestamp="2022-05-27T11:32:34 IST" skipped="0">
  <testcase classname="testcases.Testcases" name="testApp" time="108.833"/>
  <system-out/>
</testsuite> <!-- testcases.Testcases -->
