<?xml version="1.0" encoding="UTF-8"?>
<!-- Generated by org.testng.reporters.JUnitReportReporter -->
<testsuite hostname="PRIYADARSHANM" failures="0" tests="1" name="util.TestUtil" time="114.591" errors="0" timestamp="2022-05-27T11:32:34 IST" skipped="0">
  <testcase classname="util.TestUtil" name="testApp" time="114.591"/>
  <system-out/>
</testsuite> <!-- util.TestUtil -->
